2024-11-05 14:05:44 [INFO]: Request method used: POST, URL used: /users/logi
2024-11-05 14:05:44 [WARN]: Rute not found: /users/logi, Method: POST, IP: ::1
2024-11-05 14:09:56 [INFO]: Request method used: POST, URL used: /users/logi
2024-11-05 14:09:56 [WARN]: Rute not found: /users/logi, Method: POST, IP: ::1
2024-11-05 14:09:59 [WARN]: User not found during login attempt: gerarrrrrrr@example.co
2024-11-05 14:10:27 [INFO]: All users retrieved successfully
2024-11-05 14:10:41 [INFO]: Request method used: GET, URL used: /user
2024-11-05 14:10:41 [WARN]: Rute not found: /user, Method: GET, IP: ::1
2024-11-05 14:10:43 [INFO]: All users retrieved successfully
2024-11-05 14:29:40 [WARN]: Validation errors: [
  {
    "type": "field",
    "value": "",
    "msg": "Name is required and should be at least 2 characters.",
    "path": "name",
    "location": "body"
  },
  {
    "type": "field",
    "value": "",
    "msg": "Name cannot be empty.",
    "path": "name",
    "location": "body"
  },
  {
    "type": "field",
    "value": "",
    "msg": "Name should only contain letters and spaces.",
    "path": "name",
    "location": "body"
  }
]
2024-11-05 14:30:04 [WARN]: User not found for update: ID 10
2024-11-05 23:58:31 [ERROR]: Error creating user: SQLITE_CONSTRAINT: UNIQUE constraint failed: users.email
2024-11-05 23:58:31 [ERROR]:  Error: SQLITE_CONSTRAINT: UNIQUE constraint failed: users.email - Url: /users - Method: POST - IP: ::1
