2024-11-05 10:51:38 [ERROR]: ReferenceError: validationHandlerErrors is not defined
    at file:///home/lucas/Documents/usersDatabase/routes/users.js:78:3
    at ModuleJob.run (node:internal/modules/esm/module_job:234:25)
    at async ModuleLoader.import (node:internal/modules/esm/loader:473:24)
    at async asyncRunEntryPointWithESMLoader (node:internal/modules/run_main:123:5)
2024-11-05 11:39:41 [ERROR]: ReferenceError: requ is not defined
    at file:///home/lucas/Documents/usersDatabase/public/js/index.js:5:1
    at ModuleJob.run (node:internal/modules/esm/module_job:234:25)
    at async ModuleLoader.import (node:internal/modules/esm/loader:473:24)
    at async asyncRunEntryPointWithESMLoader (node:internal/modules/run_main:123:5)
2024-11-05 12:29:16 [ERROR]: ReferenceError: loge is not defined
    at file:///home/lucas/Documents/usersDatabase/errorHandlers/server.js:1:1
    at ModuleJob.run (node:internal/modules/esm/module_job:234:25)
    at async ModuleLoader.import (node:internal/modules/esm/loader:473:24)
    at async asyncRunEntryPointWithESMLoader (node:internal/modules/run_main:123:5)
2024-11-05 12:29:29 [ERROR]: ReferenceError: loge is not defined
    at file:///home/lucas/Documents/usersDatabase/errorHandlers/server.js:1:1
    at ModuleJob.run (node:internal/modules/esm/module_job:234:25)
    at async ModuleLoader.import (node:internal/modules/esm/loader:473:24)
    at async asyncRunEntryPointWithESMLoader (node:internal/modules/run_main:123:5)
2024-11-05 12:48:45 [ERROR]: ReferenceError: next is not defined
    at file:///home/lucas/Documents/usersDatabase/middlewares/middlewares.js:27:3
    at ModuleJob.run (node:internal/modules/esm/module_job:234:25)
    at async ModuleLoader.import (node:internal/modules/esm/loader:473:24)
    at async asyncRunEntryPointWithESMLoader (node:internal/modules/run_main:123:5)
2024-11-05 12:58:37 [ERROR]: ReferenceError: lo is not defined
    at file:///home/lucas/Documents/usersDatabase/public/js/index.js:14:20
    at ModuleJob.run (node:internal/modules/esm/module_job:234:25)
    at async ModuleLoader.import (node:internal/modules/esm/loader:473:24)
    at async asyncRunEntryPointWithESMLoader (node:internal/modules/run_main:123:5)
2024-11-05 13:36:21 [ERROR]: TypeError: Cannot read properties of undefined (reading 'listen')
    at file:///home/lucas/Documents/usersDatabase/public/js/index.js:15:5
    at ModuleJob.run (node:internal/modules/esm/module_job:234:25)
    at async ModuleLoader.import (node:internal/modules/esm/loader:473:24)
    at async asyncRunEntryPointWithESMLoader (node:internal/modules/run_main:123:5)
2024-11-05 13:36:30 [ERROR]: ReferenceError: serloggerInfo is not defined
    at file:///home/lucas/Documents/usersDatabase/public/js/index.js:14:9
    at ModuleJob.run (node:internal/modules/esm/module_job:234:25)
    at async ModuleLoader.import (node:internal/modules/esm/loader:473:24)
    at async asyncRunEntryPointWithESMLoader (node:internal/modules/run_main:123:5)
2024-11-05 13:36:32 [ERROR]: ReferenceError: serverloggerInfo is not defined
    at file:///home/lucas/Documents/usersDatabase/public/js/index.js:14:9
    at ModuleJob.run (node:internal/modules/esm/module_job:234:25)
    at async ModuleLoader.import (node:internal/modules/esm/loader:473:24)
    at async asyncRunEntryPointWithESMLoader (node:internal/modules/run_main:123:5)
2024-11-05 13:36:49 [ERROR]: ReferenceError: ap is not defined
    at file:///home/lucas/Documents/usersDatabase/public/js/index.js:15:1
    at ModuleJob.run (node:internal/modules/esm/module_job:234:25)
    at async ModuleLoader.import (node:internal/modules/esm/loader:473:24)
    at async asyncRunEntryPointWithESMLoader (node:internal/modules/run_main:123:5)
2024-11-05 13:42:23 [ERROR]: ReferenceError: serverHandlelogeErrors is not defined
    at file:///home/lucas/Documents/usersDatabase/public/js/index.js:15:9
    at ModuleJob.run (node:internal/modules/esm/module_job:234:25)
    at async ModuleLoader.import (node:internal/modules/esm/loader:473:24)
    at async asyncRunEntryPointWithESMLoader (node:internal/modules/run_main:123:5)
2024-11-05 13:42:55 [ERROR]: ReferenceError: notFoundHandler is not defined
    at file:///home/lucas/Documents/usersDatabase/public/js/index.js:16:9
    at ModuleJob.run (node:internal/modules/esm/module_job:234:25)
    at async ModuleLoader.import (node:internal/modules/esm/loader:473:24)
    at async asyncRunEntryPointWithESMLoader (node:internal/modules/run_main:123:5)
2024-11-05 13:42:59 [ERROR]: ReferenceError: notFoundHandler is not defined
    at file:///home/lucas/Documents/usersDatabase/public/js/index.js:20:9
    at ModuleJob.run (node:internal/modules/esm/module_job:234:25)
    at async ModuleLoader.import (node:internal/modules/esm/loader:473:24)
    at async asyncRunEntryPointWithESMLoader (node:internal/modules/run_main:123:5)
undefined
undefined
undefined
undefined
undefined
undefined
undefined
