2024-11-05 14:05:44 [WARN]: Rute not found: /users/logi, Method: POST, IP: ::1
2024-11-05 14:09:56 [WARN]: Rute not found: /users/logi, Method: POST, IP: ::1
2024-11-05 14:09:59 [WARN]: User not found during login attempt: gerarrrrrrr@example.co
2024-11-05 14:10:41 [WARN]: Rute not found: /user, Method: GET, IP: ::1
2024-11-05 14:29:40 [WARN]: Validation errors: [
  {
    "type": "field",
    "value": "",
    "msg": "Name is required and should be at least 2 characters.",
    "path": "name",
    "location": "body"
  },
  {
    "type": "field",
    "value": "",
    "msg": "Name cannot be empty.",
    "path": "name",
    "location": "body"
  },
  {
    "type": "field",
    "value": "",
    "msg": "Name should only contain letters and spaces.",
    "path": "name",
    "location": "body"
  }
]
2024-11-05 14:30:04 [WARN]: User not found for update: ID 10
2024-11-05 23:58:31 [ERROR]: Error creating user: SQLITE_CONSTRAINT: UNIQUE constraint failed: users.email
2024-11-05 23:58:31 [ERROR]:  Error: SQLITE_CONSTRAINT: UNIQUE constraint failed: users.email - Url: /users - Method: POST - IP: ::1
2024-11-06 10:44:43 [ERROR]:  Error: Test error - Url: /test - Method: GET - IP: 127.0.0.1
2024-11-06 10:44:43 [WARN]: Rute not found: /nonexistent, Method: GET, IP: 127.0.0.1
2024-11-06 10:53:18 [ERROR]:  Error: Test error - Url: /test - Method: GET - IP: 127.0.0.1
2024-11-06 10:53:18 [WARN]: Rute not found: /nonexistent, Method: GET, IP: 127.0.0.1
2024-11-06 10:55:09 [ERROR]:  Error: Test error - Url: /test - Method: GET - IP: 127.0.0.1
2024-11-06 10:55:09 [WARN]: Rute not found: /nonexistent, Method: GET, IP: 127.0.0.1
2024-11-06 11:09:15 [ERROR]:  Error: Test error - Url: /test - Method: GET - IP: 127.0.0.1
2024-11-06 11:09:15 [WARN]: Rute not found: /nonexistent, Method: GET, IP: 127.0.0.1
2024-11-06 22:22:25 [WARN]: Validation errors: [
  {
    "type": "field",
    "value": "Juan Pérez",
    "msg": "Name should only contain letters and spaces.",
    "path": "name",
    "location": "body"
  },
  {
    "type": "field",
    "value": "password123",
    "msg": "Password must include uppercase, lowercase letters, and a number.",
    "path": "password",
    "location": "body"
  }
]
2024-11-06 22:23:08 [WARN]: Rute not found: /, Method: GET, IP: ::ffff:127.0.0.1
2024-11-06 22:23:08 [WARN]: Rute not found: /, Method: GET, IP: ::ffff:127.0.0.1
2024-11-06 22:23:08 [WARN]: Rute not found: /, Method: POST, IP: ::ffff:127.0.0.1
2024-11-06 22:23:33 [WARN]: Validation errors: [
  {
    "type": "field",
    "value": "Juan Pérez",
    "msg": "Name should only contain letters and spaces.",
    "path": "name",
    "location": "body"
  },
  {
    "type": "field",
    "value": "password123",
    "msg": "Password must include uppercase, lowercase letters, and a number.",
    "path": "password",
    "location": "body"
  }
]
2024-11-06 22:25:42 [ERROR]: Error creating user: SQLITE_CONSTRAINT: UNIQUE constraint failed: users.email
2024-11-06 22:25:42 [ERROR]:  Error: SQLITE_CONSTRAINT: UNIQUE constraint failed: users.email - Url: /users - Method: POST - IP: ::ffff:127.0.0.1
2024-11-07 09:14:56 [ERROR]: Error creating user: SQLITE_CONSTRAINT: UNIQUE constraint failed: users.email
2024-11-07 09:14:56 [ERROR]:  Error: SQLITE_CONSTRAINT: UNIQUE constraint failed: users.email - Url: /users - Method: POST - IP: ::ffff:127.0.0.1
2024-11-07 09:15:22 [ERROR]: Error creating user: SQLITE_CONSTRAINT: UNIQUE constraint failed: users.email
2024-11-07 09:15:22 [ERROR]:  Error: SQLITE_CONSTRAINT: UNIQUE constraint failed: users.email - Url: /users - Method: POST - IP: ::ffff:127.0.0.1
2024-11-07 09:23:48 [ERROR]: Error creating user: SQLITE_CONSTRAINT: UNIQUE constraint failed: users.email
2024-11-07 09:23:48 [ERROR]:  Error: SQLITE_CONSTRAINT: UNIQUE constraint failed: users.email - Url: /users - Method: POST - IP: ::ffff:127.0.0.1
2024-11-07 09:49:45 [ERROR]: Error creating user: SQLITE_CONSTRAINT: UNIQUE constraint failed: users.email
2024-11-07 09:49:45 [ERROR]:  Error: SQLITE_CONSTRAINT: UNIQUE constraint failed: users.email - Url: /users - Method: POST - IP: ::ffff:127.0.0.1
2024-11-07 09:50:09 [ERROR]: Error creating user: SQLITE_CONSTRAINT: UNIQUE constraint failed: users.email
2024-11-07 09:50:09 [ERROR]:  Error: SQLITE_CONSTRAINT: UNIQUE constraint failed: users.email - Url: /users - Method: POST - IP: ::ffff:127.0.0.1
2024-11-07 09:50:16 [ERROR]: Error creating user: SQLITE_CONSTRAINT: UNIQUE constraint failed: users.email
2024-11-07 09:50:16 [ERROR]:  Error: SQLITE_CONSTRAINT: UNIQUE constraint failed: users.email - Url: /users - Method: POST - IP: ::ffff:127.0.0.1
2024-11-07 09:56:10 [ERROR]: Error creating user: SQLITE_CONSTRAINT: UNIQUE constraint failed: users.email
2024-11-07 09:56:10 [ERROR]:  Error: SQLITE_CONSTRAINT: UNIQUE constraint failed: users.email - Url: /users - Method: POST - IP: ::ffff:127.0.0.1
2024-11-07 09:56:43 [ERROR]: Error creating user: SQLITE_CONSTRAINT: UNIQUE constraint failed: users.email
2024-11-07 09:56:43 [ERROR]:  Error: SQLITE_CONSTRAINT: UNIQUE constraint failed: users.email - Url: /users - Method: POST - IP: ::ffff:127.0.0.1
2024-11-07 09:56:59 [ERROR]: Error creating user: SQLITE_CONSTRAINT: UNIQUE constraint failed: users.email
2024-11-07 09:56:59 [ERROR]:  Error: SQLITE_CONSTRAINT: UNIQUE constraint failed: users.email - Url: /users - Method: POST - IP: ::ffff:127.0.0.1
2024-11-07 11:21:02 [ERROR]: Error creating user: SQLITE_CONSTRAINT: UNIQUE constraint failed: users.email
2024-11-07 11:21:02 [ERROR]:  Error: SQLITE_CONSTRAINT: UNIQUE constraint failed: users.email - Url: /users - Method: POST - IP: ::ffff:127.0.0.1
2024-11-07 11:21:45 [ERROR]: Error creating user: SQLITE_CONSTRAINT: UNIQUE constraint failed: users.email
2024-11-07 11:21:45 [ERROR]:  Error: SQLITE_CONSTRAINT: UNIQUE constraint failed: users.email - Url: /users - Method: POST - IP: ::ffff:127.0.0.1
2024-11-07 11:40:24 [ERROR]: Error creating user: SQLITE_CONSTRAINT: UNIQUE constraint failed: users.email
2024-11-07 11:40:24 [ERROR]:  Error: SQLITE_CONSTRAINT: UNIQUE constraint failed: users.email - Url: /users - Method: POST - IP: ::ffff:127.0.0.1
2024-11-07 11:40:24 [WARN]: Validation errors: [
  {
    "type": "field",
    "msg": "Password must be at least 6 characters.",
    "path": "password",
    "location": "body"
  },
  {
    "type": "field",
    "msg": "Password cannot be empty.",
    "path": "password",
    "location": "body"
  },
  {
    "type": "field",
    "value": "",
    "msg": "Password must include uppercase, lowercase letters, and a number.",
    "path": "password",
    "location": "body"
  }
]
2024-11-07 11:41:27 [ERROR]: Error creating user: SQLITE_CONSTRAINT: UNIQUE constraint failed: users.email
2024-11-07 11:41:27 [ERROR]:  Error: SQLITE_CONSTRAINT: UNIQUE constraint failed: users.email - Url: /users - Method: POST - IP: ::ffff:127.0.0.1
2024-11-07 11:41:27 [WARN]: Access denied for user ID: NaN
2024-11-07 11:53:45 [WARN]: Email already in use: lucas@gmail.com
2024-11-07 11:54:54 [ERROR]: Error creating user: SQLITE_CONSTRAINT: UNIQUE constraint failed: users.email
2024-11-07 11:54:54 [ERROR]:  Error: SQLITE_CONSTRAINT: UNIQUE constraint failed: users.email - Url: /users - Method: POST - IP: ::ffff:127.0.0.1
2024-11-07 11:54:54 [WARN]: Access denied for user ID: NaN
2024-11-07 13:09:56 [ERROR]: Error creating user: SQLITE_CONSTRAINT: UNIQUE constraint failed: users.email
2024-11-07 13:09:56 [ERROR]:  Error: SQLITE_CONSTRAINT: UNIQUE constraint failed: users.email - Url: /users - Method: POST - IP: ::1
2024-11-07 13:43:20 [WARN]: Email already in use: eass@example.com
2024-11-07 13:46:07 [WARN]: Rute not found: /user, Method: POST, IP: ::1
2024-11-07 13:46:36 [WARN]: Email already in use: eass@example.com
2024-11-07 14:02:58 [WARN]: Email already in use: jawwe@gmail.com
2024-11-07 14:02:59 [WARN]: User not found during login attempt: jawwe@gmail.com
2024-11-07 14:07:02 [WARN]: Email already in use: e@gmail.com
2024-11-07 14:07:02 [WARN]: User not found during login attempt: e@gmail.com
2024-11-07 14:07:22 [WARN]: Email already in use: eaaaaa@gmail.com
2024-11-07 14:07:22 [WARN]: User not found during login attempt: eaaaaa@gmail.com
2024-11-07 14:07:44 [WARN]: Email already in use: eaaaaa@gmail.com
2024-11-07 14:07:44 [WARN]: User not found during login attempt: eaaaaa@gmail.com
2024-11-07 14:07:46 [WARN]: Email already in use: eaaaaa@gmail.com
2024-11-07 14:07:46 [WARN]: User not found during login attempt: eaaaaa@gmail.com
2024-11-07 14:08:01 [WARN]: Email already in use: aaaaass@example.com
2024-11-07 14:08:54 [WARN]: Email already in use: gerar@example.com
2024-11-07 14:08:59 [WARN]: Email already in use: aaaaarar@example.com
2024-11-07 14:09:45 [WARN]: Email already in use: aaaaarar@example.com
2024-11-07 14:15:58 [WARN]: Email already in use: lucasss@gmail.com
2024-11-07 14:16:22 [WARN]: Email already in use: eaaaaa@gmail.com
2024-11-07 14:16:22 [WARN]: Access denied for user ID: NaN
2024-11-07 14:18:13 [WARN]: Email already in use: eaaaaa@gmail.com
2024-11-07 14:18:13 [WARN]: Access denied for user ID: NaN
2024-11-07 14:20:39 [WARN]: Email already in use: eaaaaa@gmail.com
2024-11-07 14:20:39 [WARN]: Access denied for user ID: NaN
2024-11-07 14:21:37 [WARN]: Email already in use: lucasss@gmail.com
2024-11-07 14:24:23 [WARN]: Email already in use: lucazsss@gmail.com
2024-11-07 14:24:24 [WARN]: Rute not found: /non-existent-route, Method: GET, IP: ::ffff:127.0.0.1
2024-11-07 14:24:49 [WARN]: Rute not found: /non-existent-route, Method: GET, IP: ::ffff:127.0.0.1
2024-11-07 14:25:43 [WARN]: Rute not found: /non-existent-route, Method: GET, IP: ::ffff:127.0.0.1
2024-11-07 14:26:47 [WARN]: Rute not found: /non-existent-route, Method: GET, IP: ::ffff:127.0.0.1
2024-11-07 14:26:47 [WARN]: Email already in use: luczss@gmail.com
2024-11-07 14:27:04 [WARN]: Rute not found: /non-existent-route, Method: GET, IP: ::ffff:127.0.0.1
2024-11-07 14:28:44 [WARN]: Rute not found: /non-existent-route, Method: GET, IP: ::ffff:127.0.0.1
2024-11-07 14:28:45 [WARN]: Email already in use: uczss@gmail.com
2024-11-07 14:30:51 [WARN]: Rute not found: /non-existent-route, Method: GET, IP: ::ffff:127.0.0.1
2024-11-07 14:33:54 [WARN]: Route not found: /non-existent-route, Method: GET, IP: ::ffff:127.0.0.1
2024-11-07 14:44:53 [WARN]: Email already in use: zssess@gmail.com
2024-11-07 14:45:44 [WARN]: Email already in use: zaaea@gmail.com
2024-11-07 14:45:44 [WARN]: Access denied for user ID: NaN
2024-11-07 14:46:51 [WARN]: Email already in use: zaaea@gmail.com
2024-11-07 14:46:51 [WARN]: Access denied for user ID: NaN
2024-11-07 14:55:58 [WARN]: Route not found: /non-existent-route, Method: GET, IP: ::ffff:127.0.0.1
2024-11-07 14:56:59 [WARN]: Route not found: /non-existent-route, Method: GET, IP: ::ffff:127.0.0.1
2024-11-07 14:57:13 [WARN]: Route not found: /non-existent-route, Method: GET, IP: ::ffff:127.0.0.1
2024-11-07 14:58:03 [WARN]: Route not found: /non-existent-route, Method: GET, IP: ::ffff:127.0.0.1
2024-11-07 15:00:26 [WARN]: Route not found: /non-existent-route, Method: GET, IP: ::ffff:127.0.0.1
2024-11-07 15:00:42 [WARN]: Route not found: /non-existent-route, Method: GET, IP: ::ffff:127.0.0.1
2024-11-07 15:00:54 [WARN]: Route not found: /non-existent-route, Method: GET, IP: ::ffff:127.0.0.1
2024-11-07 15:02:35 [WARN]: Route not found: /non-existent-route, Method: GET, IP: ::ffff:127.0.0.1
2024-11-07 15:04:04 [WARN]: Route not found: /non-existent-route, Method: GET, IP: ::ffff:127.0.0.1
2024-11-07 15:57:40 [WARN]: Route not found: /api/users, Method: POST, IP: ::ffff:127.0.0.1
2024-11-07 15:57:54 [WARN]: Validation errors: [
  {
    "type": "field",
    "msg": "Password must be at least 6 characters.",
    "path": "password",
    "location": "body"
  },
  {
    "type": "field",
    "msg": "Password cannot be empty.",
    "path": "password",
    "location": "body"
  },
  {
    "type": "field",
    "value": "",
    "msg": "Password must include uppercase, lowercase letters, and a number.",
    "path": "password",
    "location": "body"
  }
]
2024-11-07 15:58:54 [WARN]: Email already in use: usuario@prueba.com
2024-11-07 15:59:51 [WARN]: Email already in use: usuario@prueba.com
2024-11-07 16:03:45 [WARN]: User not found for update: ID 16
2024-11-07 16:04:51 [WARN]: Access denied for user ID: 10
2024-11-07 16:05:04 [WARN]: User not found for update: ID 16
2024-11-07 18:02:11 [WARN]: Route not found: /login, Method: POST, IP: ::ffff:127.0.0.1
2024-11-07 18:03:34 [WARN]: Route not found: /login, Method: POST, IP: ::ffff:127.0.0.1
2024-11-07 18:04:26 [WARN]: Route not found: /login, Method: POST, IP: ::ffff:127.0.0.1
2024-11-07 18:20:24 [WARN]: Validation errors: [
  {
    "type": "field",
    "value": "1212a",
    "msg": "Password must be at least 6 characters.",
    "path": "password",
    "location": "body"
  },
  {
    "type": "field",
    "value": "1212a",
    "msg": "Password must include uppercase, lowercase letters, and a number.",
    "path": "password",
    "location": "body"
  }
]
2024-11-07 18:20:24 [WARN]: Validation errors: [
  {
    "type": "field",
    "value": "1212a",
    "msg": "Password length is not sufficient.",
    "path": "password",
    "location": "body"
  }
]
2024-11-07 18:21:40 [WARN]: Validation errors: [
  {
    "type": "field",
    "value": "1212a",
    "msg": "Password must be at least 6 characters.",
    "path": "password",
    "location": "body"
  },
  {
    "type": "field",
    "value": "1212a",
    "msg": "Password must include uppercase, lowercase letters, and a number.",
    "path": "password",
    "location": "body"
  }
]
2024-11-07 18:21:40 [WARN]: Validation errors: [
  {
    "type": "field",
    "value": "1212a",
    "msg": "Password length is not sufficient.",
    "path": "password",
    "location": "body"
  }
]
2024-11-07 18:24:11 [WARN]: Validation errors: [
  {
    "type": "field",
    "value": "1212a",
    "msg": "Password must be at least 6 characters.",
    "path": "password",
    "location": "body"
  },
  {
    "type": "field",
    "value": "1212a",
    "msg": "Password must include uppercase, lowercase letters, and a number.",
    "path": "password",
    "location": "body"
  }
]
2024-11-07 18:29:09 [WARN]: Validation errors: [
  {
    "type": "field",
    "value": "1212a",
    "msg": "Password must be at least 6 characters.",
    "path": "password",
    "location": "body"
  },
  {
    "type": "field",
    "value": "1212a",
    "msg": "Password must include uppercase, lowercase letters, and a number.",
    "path": "password",
    "location": "body"
  }
]
2024-11-07 18:29:51 [WARN]: Validation errors: [
  {
    "type": "field",
    "value": "1212a",
    "msg": "Password must be at least 6 characters.",
    "path": "password",
    "location": "body"
  },
  {
    "type": "field",
    "value": "1212a",
    "msg": "Password must include uppercase, lowercase letters, and a number.",
    "path": "password",
    "location": "body"
  }
]
2024-11-07 18:29:51 [WARN]: Validation errors: [
  {
    "type": "field",
    "value": "1212a",
    "msg": "Password length is not sufficient.",
    "path": "password",
    "location": "body"
  }
]
2024-11-07 18:30:53 [WARN]: Validation errors: [
  {
    "type": "field",
    "value": "1212a",
    "msg": "Password must be at least 6 characters.",
    "path": "password",
    "location": "body"
  },
  {
    "type": "field",
    "value": "1212a",
    "msg": "Password must include uppercase, lowercase letters, and a number.",
    "path": "password",
    "location": "body"
  }
]
2024-11-07 18:31:22 [WARN]: Validation errors: [
  {
    "type": "field",
    "value": "1212a",
    "msg": "Password must be at least 6 characters.",
    "path": "password",
    "location": "body"
  },
  {
    "type": "field",
    "value": "1212a",
    "msg": "Password must include uppercase, lowercase letters, and a number.",
    "path": "password",
    "location": "body"
  }
]
2024-11-07 18:31:33 [WARN]: Validation errors: [
  {
    "type": "field",
    "value": "1212a",
    "msg": "Password must be at least 6 characters.",
    "path": "password",
    "location": "body"
  },
  {
    "type": "field",
    "value": "1212a",
    "msg": "Password must include uppercase, lowercase letters, and a number.",
    "path": "password",
    "location": "body"
  }
]
2024-11-07 18:32:02 [WARN]: Validation errors: [
  {
    "type": "field",
    "value": "1212a",
    "msg": "Password must be at least 6 characters.",
    "path": "password",
    "location": "body"
  },
  {
    "type": "field",
    "value": "1212a",
    "msg": "Password must include uppercase, lowercase letters, and a number.",
    "path": "password",
    "location": "body"
  }
]
2024-11-07 18:32:34 [WARN]: Validation errors: [
  {
    "type": "field",
    "value": "1212a",
    "msg": "Password must be at least 6 characters.",
    "path": "password",
    "location": "body"
  },
  {
    "type": "field",
    "value": "1212a",
    "msg": "Password must include uppercase, lowercase letters, and a number.",
    "path": "password",
    "location": "body"
  }
]
2024-11-07 18:34:16 [WARN]: Validation errors: [
  {
    "type": "field",
    "value": "1212a",
    "msg": "Password must be at least 6 characters.",
    "path": "password",
    "location": "body"
  },
  {
    "type": "field",
    "value": "1212a",
    "msg": "Password must include uppercase, lowercase letters, and a number.",
    "path": "password",
    "location": "body"
  }
]
2024-11-07 18:40:58 [WARN]: Validation errors: [
  {
    "type": "field",
    "value": "1212a",
    "msg": "Password must be at least 6 characters.",
    "path": "password",
    "location": "body"
  },
  {
    "type": "field",
    "value": "1212a",
    "msg": "Password must include uppercase, lowercase letters, and a number.",
    "path": "password",
    "location": "body"
  }
]
2024-11-07 18:40:58 [WARN]: Validation errors: [
  {
    "type": "field",
    "msg": "Password must be at least 6 characters.",
    "path": "password",
    "location": "body"
  },
  {
    "type": "field",
    "msg": "Password cannot be empty.",
    "path": "password",
    "location": "body"
  },
  {
    "type": "field",
    "value": "",
    "msg": "Password must include uppercase, lowercase letters, and a number.",
    "path": "password",
    "location": "body"
  }
]
2024-11-07 18:41:13 [WARN]: Validation errors: [
  {
    "type": "field",
    "value": "1212a",
    "msg": "Password must be at least 6 characters.",
    "path": "password",
    "location": "body"
  },
  {
    "type": "field",
    "value": "1212a",
    "msg": "Password must include uppercase, lowercase letters, and a number.",
    "path": "password",
    "location": "body"
  }
]
2024-11-07 18:41:14 [WARN]: Validation errors: [
  {
    "type": "field",
    "msg": "Password must be at least 6 characters.",
    "path": "password",
    "location": "body"
  },
  {
    "type": "field",
    "msg": "Password cannot be empty.",
    "path": "password",
    "location": "body"
  },
  {
    "type": "field",
    "value": "",
    "msg": "Password must include uppercase, lowercase letters, and a number.",
    "path": "password",
    "location": "body"
  }
]
2024-11-07 18:43:07 [WARN]: Validation errors: [
  {
    "type": "field",
    "value": "1212a",
    "msg": "Password must be at least 6 characters.",
    "path": "password",
    "location": "body"
  },
  {
    "type": "field",
    "value": "1212a",
    "msg": "Password must include uppercase, lowercase letters, and a number.",
    "path": "password",
    "location": "body"
  }
]
2024-11-07 18:43:07 [WARN]: Validation errors: [
  {
    "type": "field",
    "msg": "Password must be at least 6 characters.",
    "path": "password",
    "location": "body"
  },
  {
    "type": "field",
    "msg": "Password cannot be empty.",
    "path": "password",
    "location": "body"
  },
  {
    "type": "field",
    "value": "",
    "msg": "Password must include uppercase, lowercase letters, and a number.",
    "path": "password",
    "location": "body"
  }
]
2024-11-07 18:43:49 [WARN]: Validation errors: [
  {
    "type": "field",
    "value": "1212a",
    "msg": "Password must be at least 6 characters.",
    "path": "password",
    "location": "body"
  },
  {
    "type": "field",
    "value": "1212a",
    "msg": "Password must include uppercase, lowercase letters, and a number.",
    "path": "password",
    "location": "body"
  }
]
2024-11-07 18:43:49 [WARN]: Validation errors: [
  {
    "type": "field",
    "msg": "Password must be at least 6 characters.",
    "path": "password",
    "location": "body"
  },
  {
    "type": "field",
    "msg": "Password cannot be empty.",
    "path": "password",
    "location": "body"
  },
  {
    "type": "field",
    "value": "",
    "msg": "Password must include uppercase, lowercase letters, and a number.",
    "path": "password",
    "location": "body"
  }
]
2024-11-07 18:46:13 [WARN]: Validation errors: [
  {
    "type": "field",
    "value": "1212a",
    "msg": "Password must be at least 6 characters.",
    "path": "password",
    "location": "body"
  },
  {
    "type": "field",
    "value": "1212a",
    "msg": "Password must include uppercase, lowercase letters, and a number.",
    "path": "password",
    "location": "body"
  }
]
2024-11-07 18:46:13 [WARN]: Validation errors: [
  {
    "type": "field",
    "msg": "Password must be at least 6 characters.",
    "path": "password",
    "location": "body"
  },
  {
    "type": "field",
    "msg": "Password cannot be empty.",
    "path": "password",
    "location": "body"
  },
  {
    "type": "field",
    "value": "",
    "msg": "Password must include uppercase, lowercase letters, and a number.",
    "path": "password",
    "location": "body"
  }
]
2024-11-07 18:46:27 [WARN]: Validation errors: [
  {
    "type": "field",
    "value": "1212a",
    "msg": "Password must be at least 6 characters.",
    "path": "password",
    "location": "body"
  },
  {
    "type": "field",
    "value": "1212a",
    "msg": "Password must include uppercase, lowercase letters, and a number.",
    "path": "password",
    "location": "body"
  }
]
2024-11-07 18:46:27 [WARN]: Validation errors: [
  {
    "type": "field",
    "msg": "Password must be at least 6 characters.",
    "path": "password",
    "location": "body"
  },
  {
    "type": "field",
    "msg": "Password cannot be empty.",
    "path": "password",
    "location": "body"
  },
  {
    "type": "field",
    "value": "",
    "msg": "Password must include uppercase, lowercase letters, and a number.",
    "path": "password",
    "location": "body"
  }
]
2024-11-07 18:46:53 [WARN]: Validation errors: [
  {
    "type": "field",
    "value": "1212a",
    "msg": "Password must be at least 6 characters.",
    "path": "password",
    "location": "body"
  },
  {
    "type": "field",
    "value": "1212a",
    "msg": "Password must include uppercase, lowercase letters, and a number.",
    "path": "password",
    "location": "body"
  }
]
2024-11-07 18:46:53 [WARN]: Validation errors: [
  {
    "type": "field",
    "msg": "Password must be at least 6 characters.",
    "path": "password",
    "location": "body"
  },
  {
    "type": "field",
    "msg": "Password cannot be empty.",
    "path": "password",
    "location": "body"
  },
  {
    "type": "field",
    "value": "",
    "msg": "Password must include uppercase, lowercase letters, and a number.",
    "path": "password",
    "location": "body"
  }
]
2024-11-07 18:47:06 [WARN]: Validation errors: [
  {
    "type": "field",
    "value": "1212a",
    "msg": "Password must be at least 6 characters.",
    "path": "password",
    "location": "body"
  },
  {
    "type": "field",
    "value": "1212a",
    "msg": "Password must include uppercase, lowercase letters, and a number.",
    "path": "password",
    "location": "body"
  }
]
2024-11-07 18:47:06 [WARN]: Validation errors: [
  {
    "type": "field",
    "msg": "Password must be at least 6 characters.",
    "path": "password",
    "location": "body"
  },
  {
    "type": "field",
    "msg": "Password cannot be empty.",
    "path": "password",
    "location": "body"
  },
  {
    "type": "field",
    "value": "",
    "msg": "Password must include uppercase, lowercase letters, and a number.",
    "path": "password",
    "location": "body"
  }
]
2024-11-07 18:49:45 [WARN]: Validation errors: [
  {
    "type": "field",
    "value": "1212a",
    "msg": "Password must be at least 6 characters.",
    "path": "password",
    "location": "body"
  },
  {
    "type": "field",
    "value": "1212a",
    "msg": "Password must include uppercase, lowercase letters, and a number.",
    "path": "password",
    "location": "body"
  }
]
2024-11-07 18:49:45 [WARN]: Validation errors: [
  {
    "type": "field",
    "msg": "Password must be at least 6 characters.",
    "path": "password",
    "location": "body"
  },
  {
    "type": "field",
    "msg": "Password cannot be empty.",
    "path": "password",
    "location": "body"
  },
  {
    "type": "field",
    "value": "",
    "msg": "Password must include uppercase, lowercase letters, and a number.",
    "path": "password",
    "location": "body"
  }
]
2024-11-07 18:51:19 [WARN]: Validation errors: [
  {
    "type": "field",
    "value": "1212a",
    "msg": "Password must be at least 6 characters.",
    "path": "password",
    "location": "body"
  },
  {
    "type": "field",
    "value": "1212a",
    "msg": "Password must include uppercase, lowercase letters, and a number.",
    "path": "password",
    "location": "body"
  }
]
2024-11-07 18:51:19 [WARN]: Validation errors: [
  {
    "type": "field",
    "msg": "Password length is not sufficient.",
    "path": "password",
    "location": "body"
  },
  {
    "type": "field",
    "msg": "Password cannot be empty.",
    "path": "password",
    "location": "body"
  }
]
2024-11-07 18:51:47 [WARN]: Validation errors: [
  {
    "type": "field",
    "value": "1212a",
    "msg": "Password must be at least 6 characters.",
    "path": "password",
    "location": "body"
  },
  {
    "type": "field",
    "value": "1212a",
    "msg": "Password must include uppercase, lowercase letters, and a number.",
    "path": "password",
    "location": "body"
  }
]
2024-11-07 18:51:47 [WARN]: Validation errors: [
  {
    "type": "field",
    "msg": "Password length is not sufficient.",
    "path": "password",
    "location": "body"
  },
  {
    "type": "field",
    "msg": "Password cannot be empty.",
    "path": "password",
    "location": "body"
  }
]
2024-11-07 19:49:04 [WARN]: Validation errors: [
  {
    "type": "field",
    "value": "1212a",
    "msg": "Password must be at least 6 characters.",
    "path": "password",
    "location": "body"
  },
  {
    "type": "field",
    "value": "1212a",
    "msg": "Password must include uppercase, lowercase letters, and a number.",
    "path": "password",
    "location": "body"
  }
]
2024-11-07 19:49:04 [WARN]: Validation errors: [
  {
    "type": "field",
    "msg": "Password must be at least 6 characters.",
    "path": "password",
    "location": "body"
  },
  {
    "type": "field",
    "msg": "Password cannot be empty.",
    "path": "password",
    "location": "body"
  },
  {
    "type": "field",
    "value": "",
    "msg": "Password must include uppercase, lowercase letters, and a number.",
    "path": "password",
    "location": "body"
  }
]
2024-11-07 19:50:42 [WARN]: Validation errors: [
  {
    "type": "field",
    "value": "1212a",
    "msg": "Password must be at least 6 characters.",
    "path": "password",
    "location": "body"
  },
  {
    "type": "field",
    "value": "1212a",
    "msg": "Password must include uppercase, lowercase letters, and a number.",
    "path": "password",
    "location": "body"
  }
]
2024-11-07 19:50:42 [WARN]: Validation errors: [
  {
    "type": "field",
    "msg": "Password must be at least 6 characters.",
    "path": "password",
    "location": "body"
  },
  {
    "type": "field",
    "msg": "Password cannot be empty.",
    "path": "password",
    "location": "body"
  },
  {
    "type": "field",
    "value": "",
    "msg": "Password must include uppercase, lowercase letters, and a number.",
    "path": "password",
    "location": "body"
  }
]
2024-11-07 19:51:21 [WARN]: Validation errors: [
  {
    "type": "field",
    "value": "1212a",
    "msg": "Password must be at least 6 characters.",
    "path": "password",
    "location": "body"
  },
  {
    "type": "field",
    "value": "1212a",
    "msg": "Password must include uppercase, lowercase letters, and a number.",
    "path": "password",
    "location": "body"
  }
]
2024-11-07 19:51:21 [WARN]: Validation errors: [
  {
    "type": "field",
    "msg": "Password must be at least 6 characters.",
    "path": "password",
    "location": "body"
  },
  {
    "type": "field",
    "msg": "Password cannot be empty.",
    "path": "password",
    "location": "body"
  },
  {
    "type": "field",
    "value": "",
    "msg": "Password must include uppercase, lowercase letters, and a number.",
    "path": "password",
    "location": "body"
  }
]
2024-11-07 19:51:37 [WARN]: Validation errors: [
  {
    "type": "field",
    "value": "1212a",
    "msg": "Password must be at least 6 characters.",
    "path": "password",
    "location": "body"
  },
  {
    "type": "field",
    "value": "1212a",
    "msg": "Password must include uppercase, lowercase letters, and a number.",
    "path": "password",
    "location": "body"
  }
]
2024-11-07 19:51:37 [WARN]: Validation errors: [
  {
    "type": "field",
    "msg": "Password must be at least 6 characters.",
    "path": "password",
    "location": "body"
  },
  {
    "type": "field",
    "msg": "Password cannot be empty.",
    "path": "password",
    "location": "body"
  },
  {
    "type": "field",
    "value": "",
    "msg": "Password must include uppercase, lowercase letters, and a number.",
    "path": "password",
    "location": "body"
  }
]
2024-11-07 19:53:19 [WARN]: Validation errors: [
  {
    "type": "field",
    "value": "1212a",
    "msg": "Password must be at least 6 characters.",
    "path": "password",
    "location": "body"
  },
  {
    "type": "field",
    "value": "1212a",
    "msg": "Password must include uppercase, lowercase letters, and a number.",
    "path": "password",
    "location": "body"
  }
]
2024-11-07 19:53:19 [WARN]: Validation errors: [
  {
    "type": "field",
    "msg": "Password must be at least 6 characters.",
    "path": "password",
    "location": "body"
  },
  {
    "type": "field",
    "msg": "Password cannot be empty.",
    "path": "password",
    "location": "body"
  },
  {
    "type": "field",
    "value": "",
    "msg": "Password must include uppercase, lowercase letters, and a number.",
    "path": "password",
    "location": "body"
  }
]
2024-11-07 19:53:45 [WARN]: Validation errors: [
  {
    "type": "field",
    "value": "1212a",
    "msg": "Password must be at least 6 characters.",
    "path": "password",
    "location": "body"
  },
  {
    "type": "field",
    "value": "1212a",
    "msg": "Password must include uppercase, lowercase letters, and a number.",
    "path": "password",
    "location": "body"
  }
]
2024-11-07 19:53:45 [WARN]: Validation errors: [
  {
    "type": "field",
    "msg": "Password must be at least 6 characters.",
    "path": "password",
    "location": "body"
  },
  {
    "type": "field",
    "msg": "Password cannot be empty.",
    "path": "password",
    "location": "body"
  },
  {
    "type": "field",
    "value": "",
    "msg": "Password must include uppercase, lowercase letters, and a number.",
    "path": "password",
    "location": "body"
  }
]
2024-11-07 19:55:53 [WARN]: Validation errors: [
  {
    "type": "field",
    "value": "1212a",
    "msg": "Password must be at least 6 characters.",
    "path": "password",
    "location": "body"
  },
  {
    "type": "field",
    "value": "1212a",
    "msg": "Password must include uppercase, lowercase letters, and a number.",
    "path": "password",
    "location": "body"
  }
]
2024-11-07 19:55:53 [WARN]: Validation errors: [
  {
    "type": "field",
    "msg": "Password must be at least 6 characters.",
    "path": "password",
    "location": "body"
  },
  {
    "type": "field",
    "msg": "Password cannot be empty.",
    "path": "password",
    "location": "body"
  },
  {
    "type": "field",
    "value": "",
    "msg": "Password must include uppercase, lowercase letters, and a number.",
    "path": "password",
    "location": "body"
  }
]
2024-11-07 19:56:17 [WARN]: Validation errors: [
  {
    "type": "field",
    "value": "1212a",
    "msg": "Password must be at least 6 characters.",
    "path": "password",
    "location": "body"
  },
  {
    "type": "field",
    "value": "1212a",
    "msg": "Password must include uppercase, lowercase letters, and a number.",
    "path": "password",
    "location": "body"
  }
]
2024-11-07 19:56:17 [WARN]: Validation errors: [
  {
    "type": "field",
    "msg": "Password must be at least 6 characters.",
    "path": "password",
    "location": "body"
  },
  {
    "type": "field",
    "msg": "Password cannot be empty.",
    "path": "password",
    "location": "body"
  },
  {
    "type": "field",
    "value": "",
    "msg": "Password must include uppercase, lowercase letters, and a number.",
    "path": "password",
    "location": "body"
  }
]
2024-11-07 19:56:43 [WARN]: Validation errors: [
  {
    "type": "field",
    "value": "1212a",
    "msg": "Password must be at least 6 characters.",
    "path": "password",
    "location": "body"
  },
  {
    "type": "field",
    "value": "1212a",
    "msg": "Password must include uppercase, lowercase letters, and a number.",
    "path": "password",
    "location": "body"
  }
]
2024-11-07 19:56:43 [WARN]: Validation errors: [
  {
    "type": "field",
    "msg": "Password must be at least 6 characters.",
    "path": "password",
    "location": "body"
  },
  {
    "type": "field",
    "msg": "Password cannot be empty.",
    "path": "password",
    "location": "body"
  },
  {
    "type": "field",
    "value": "",
    "msg": "Password must include uppercase, lowercase letters, and a number.",
    "path": "password",
    "location": "body"
  }
]
2024-11-07 19:57:03 [WARN]: Validation errors: [
  {
    "type": "field",
    "value": "1212a",
    "msg": "Password must be at least 6 characters.",
    "path": "password",
    "location": "body"
  },
  {
    "type": "field",
    "value": "1212a",
    "msg": "Password must include uppercase, lowercase letters, and a number.",
    "path": "password",
    "location": "body"
  }
]
2024-11-07 19:57:03 [WARN]: Validation errors: [
  {
    "type": "field",
    "msg": "Password must be at least 6 characters.",
    "path": "password",
    "location": "body"
  },
  {
    "type": "field",
    "msg": "Password cannot be empty.",
    "path": "password",
    "location": "body"
  },
  {
    "type": "field",
    "value": "",
    "msg": "Password must include uppercase, lowercase letters, and a number.",
    "path": "password",
    "location": "body"
  }
]
2024-11-07 19:57:34 [WARN]: Validation errors: [
  {
    "type": "field",
    "value": "1212a",
    "msg": "Password must be at least 6 characters.",
    "path": "password",
    "location": "body"
  },
  {
    "type": "field",
    "value": "1212a",
    "msg": "Password must include uppercase, lowercase letters, and a number.",
    "path": "password",
    "location": "body"
  }
]
2024-11-07 19:57:34 [WARN]: Validation errors: [
  {
    "type": "field",
    "msg": "Password must be at least 6 characters.",
    "path": "password",
    "location": "body"
  },
  {
    "type": "field",
    "msg": "Password cannot be empty.",
    "path": "password",
    "location": "body"
  },
  {
    "type": "field",
    "value": "",
    "msg": "Password must include uppercase, lowercase letters, and a number.",
    "path": "password",
    "location": "body"
  }
]
2024-11-07 19:57:58 [WARN]: Validation errors: [
  {
    "type": "field",
    "value": "1212a",
    "msg": "Password must be at least 6 characters.",
    "path": "password",
    "location": "body"
  },
  {
    "type": "field",
    "value": "1212a",
    "msg": "Password must include uppercase, lowercase letters, and a number.",
    "path": "password",
    "location": "body"
  }
]
2024-11-07 19:57:58 [WARN]: Validation errors: [
  {
    "type": "field",
    "msg": "Password must be at least 6 characters.",
    "path": "password",
    "location": "body"
  },
  {
    "type": "field",
    "msg": "Password cannot be empty.",
    "path": "password",
    "location": "body"
  },
  {
    "type": "field",
    "value": "",
    "msg": "Password must include uppercase, lowercase letters, and a number.",
    "path": "password",
    "location": "body"
  }
]
2024-11-07 20:04:14 [WARN]: Validation errors: [
  {
    "type": "field",
    "value": "1212a",
    "msg": "Password must be at least 6 characters.",
    "path": "password",
    "location": "body"
  },
  {
    "type": "field",
    "value": "1212a",
    "msg": "Password must include uppercase, lowercase letters, and a number.",
    "path": "password",
    "location": "body"
  }
]
2024-11-07 20:04:15 [WARN]: Validation errors: [
  {
    "type": "field",
    "msg": "Password must be at least 6 characters.",
    "path": "password",
    "location": "body"
  },
  {
    "type": "field",
    "msg": "Password cannot be empty.",
    "path": "password",
    "location": "body"
  },
  {
    "type": "field",
    "value": "",
    "msg": "Password must include uppercase, lowercase letters, and a number.",
    "path": "password",
    "location": "body"
  }
]
2024-11-07 20:04:15 [WARN]: Validation errors: [
  {
    "type": "field",
    "msg": "Password must be at least 6 characters.",
    "path": "password",
    "location": "body"
  },
  {
    "type": "field",
    "msg": "Password cannot be empty.",
    "path": "password",
    "location": "body"
  },
  {
    "type": "field",
    "value": "",
    "msg": "Password must include uppercase, lowercase letters, and a number.",
    "path": "password",
    "location": "body"
  }
]
2024-11-07 20:05:23 [WARN]: Validation errors: [
  {
    "type": "field",
    "value": "1212a",
    "msg": "Password must be at least 6 characters.",
    "path": "password",
    "location": "body"
  },
  {
    "type": "field",
    "value": "1212a",
    "msg": "Password must include uppercase, lowercase letters, and a number.",
    "path": "password",
    "location": "body"
  }
]
2024-11-07 20:05:23 [WARN]: Validation errors: [
  {
    "type": "field",
    "msg": "Password must be at least 6 characters.",
    "path": "password",
    "location": "body"
  },
  {
    "type": "field",
    "msg": "Password cannot be empty.",
    "path": "password",
    "location": "body"
  },
  {
    "type": "field",
    "value": "",
    "msg": "Password must include uppercase, lowercase letters, and a number.",
    "path": "password",
    "location": "body"
  }
]
2024-11-07 20:05:23 [WARN]: Validation errors: [
  {
    "type": "field",
    "msg": "Password must be at least 6 characters.",
    "path": "password",
    "location": "body"
  },
  {
    "type": "field",
    "msg": "Password cannot be empty.",
    "path": "password",
    "location": "body"
  },
  {
    "type": "field",
    "value": "",
    "msg": "Password must include uppercase, lowercase letters, and a number.",
    "path": "password",
    "location": "body"
  }
]
2024-11-07 20:06:32 [WARN]: Validation errors: [
  {
    "type": "field",
    "value": "1212a",
    "msg": "Password must be at least 6 characters.",
    "path": "password",
    "location": "body"
  },
  {
    "type": "field",
    "value": "1212a",
    "msg": "Password must include uppercase, lowercase letters, and a number.",
    "path": "password",
    "location": "body"
  }
]
2024-11-07 20:06:32 [WARN]: Validation errors: [
  {
    "type": "field",
    "msg": "Password must be at least 6 characters.",
    "path": "password",
    "location": "body"
  },
  {
    "type": "field",
    "msg": "Password cannot be empty.",
    "path": "password",
    "location": "body"
  },
  {
    "type": "field",
    "value": "",
    "msg": "Password must include uppercase, lowercase letters, and a number.",
    "path": "password",
    "location": "body"
  }
]
2024-11-07 20:06:32 [WARN]: Validation errors: [
  {
    "type": "field",
    "msg": "Password must be at least 6 characters.",
    "path": "password",
    "location": "body"
  },
  {
    "type": "field",
    "msg": "Password cannot be empty.",
    "path": "password",
    "location": "body"
  },
  {
    "type": "field",
    "value": "",
    "msg": "Password must include uppercase, lowercase letters, and a number.",
    "path": "password",
    "location": "body"
  }
]
2024-11-07 20:08:59 [WARN]: Validation errors: [
  {
    "type": "field",
    "value": "1212a",
    "msg": "Password must be at least 6 characters.",
    "path": "password",
    "location": "body"
  },
  {
    "type": "field",
    "value": "1212a",
    "msg": "Password must include uppercase, lowercase letters, and a number.",
    "path": "password",
    "location": "body"
  }
]
2024-11-07 20:08:59 [WARN]: Validation errors: [
  {
    "type": "field",
    "msg": "Password must be at least 6 characters.",
    "path": "password",
    "location": "body"
  },
  {
    "type": "field",
    "msg": "Password cannot be empty.",
    "path": "password",
    "location": "body"
  },
  {
    "type": "field",
    "value": "",
    "msg": "Password must include uppercase, lowercase letters, and a number.",
    "path": "password",
    "location": "body"
  }
]
2024-11-07 20:08:59 [WARN]: Validation errors: [
  {
    "type": "field",
    "msg": "Password must be at least 6 characters.",
    "path": "password",
    "location": "body"
  },
  {
    "type": "field",
    "msg": "Password cannot be empty.",
    "path": "password",
    "location": "body"
  },
  {
    "type": "field",
    "value": "",
    "msg": "Password must include uppercase, lowercase letters, and a number.",
    "path": "password",
    "location": "body"
  }
]
2024-11-07 20:09:47 [WARN]: Validation errors: [
  {
    "type": "field",
    "value": "1212a",
    "msg": "Password must be at least 6 characters.",
    "path": "password",
    "location": "body"
  },
  {
    "type": "field",
    "value": "1212a",
    "msg": "Password must include uppercase, lowercase letters, and a number.",
    "path": "password",
    "location": "body"
  }
]
2024-11-07 20:09:47 [WARN]: Validation errors: [
  {
    "type": "field",
    "msg": "Password must be at least 6 characters.",
    "path": "password",
    "location": "body"
  },
  {
    "type": "field",
    "msg": "Password cannot be empty.",
    "path": "password",
    "location": "body"
  },
  {
    "type": "field",
    "value": "",
    "msg": "Password must include uppercase, lowercase letters, and a number.",
    "path": "password",
    "location": "body"
  }
]
2024-11-07 20:11:06 [WARN]: Validation errors: [
  {
    "type": "field",
    "value": "1212a",
    "msg": "Password must be at least 6 characters.",
    "path": "password",
    "location": "body"
  },
  {
    "type": "field",
    "value": "1212a",
    "msg": "Password must include uppercase, lowercase letters, and a number.",
    "path": "password",
    "location": "body"
  }
]
2024-11-07 20:11:07 [WARN]: Validation errors: [
  {
    "type": "field",
    "msg": "Password must be at least 6 characters.",
    "path": "password",
    "location": "body"
  },
  {
    "type": "field",
    "msg": "Password cannot be empty.",
    "path": "password",
    "location": "body"
  },
  {
    "type": "field",
    "value": "",
    "msg": "Password must include uppercase, lowercase letters, and a number.",
    "path": "password",
    "location": "body"
  }
]
2024-11-07 20:11:07 [WARN]: Validation errors: [
  {
    "type": "field",
    "value": "newpassword123",
    "msg": "Password must include uppercase, lowercase letters, and a number.",
    "path": "password",
    "location": "body"
  }
]
2024-11-07 20:13:55 [WARN]: Validation errors: [
  {
    "type": "field",
    "value": "1212a",
    "msg": "Password must be at least 6 characters.",
    "path": "password",
    "location": "body"
  },
  {
    "type": "field",
    "value": "1212a",
    "msg": "Password must include uppercase, lowercase letters, and a number.",
    "path": "password",
    "location": "body"
  }
]
2024-11-07 20:13:55 [WARN]: Validation errors: [
  {
    "type": "field",
    "msg": "Password must be at least 6 characters.",
    "path": "password",
    "location": "body"
  },
  {
    "type": "field",
    "msg": "Password cannot be empty.",
    "path": "password",
    "location": "body"
  },
  {
    "type": "field",
    "value": "",
    "msg": "Password must include uppercase, lowercase letters, and a number.",
    "path": "password",
    "location": "body"
  }
]
2024-11-07 20:13:55 [WARN]: Validation errors: [
  {
    "type": "field",
    "msg": "Password must be at least 6 characters.",
    "path": "password",
    "location": "body"
  },
  {
    "type": "field",
    "msg": "Password cannot be empty.",
    "path": "password",
    "location": "body"
  },
  {
    "type": "field",
    "value": "",
    "msg": "Password must include uppercase, lowercase letters, and a number.",
    "path": "password",
    "location": "body"
  }
]
2024-11-07 20:14:16 [WARN]: Validation errors: [
  {
    "type": "field",
    "value": "1212a",
    "msg": "Password must be at least 6 characters.",
    "path": "password",
    "location": "body"
  },
  {
    "type": "field",
    "value": "1212a",
    "msg": "Password must include uppercase, lowercase letters, and a number.",
    "path": "password",
    "location": "body"
  }
]
2024-11-07 20:14:16 [WARN]: Validation errors: [
  {
    "type": "field",
    "msg": "Password must be at least 6 characters.",
    "path": "password",
    "location": "body"
  },
  {
    "type": "field",
    "msg": "Password cannot be empty.",
    "path": "password",
    "location": "body"
  },
  {
    "type": "field",
    "value": "",
    "msg": "Password must include uppercase, lowercase letters, and a number.",
    "path": "password",
    "location": "body"
  }
]
2024-11-07 20:14:16 [WARN]: Validation errors: [
  {
    "type": "field",
    "msg": "Password must be at least 6 characters.",
    "path": "password",
    "location": "body"
  },
  {
    "type": "field",
    "msg": "Password cannot be empty.",
    "path": "password",
    "location": "body"
  },
  {
    "type": "field",
    "value": "",
    "msg": "Password must include uppercase, lowercase letters, and a number.",
    "path": "password",
    "location": "body"
  }
]
2024-11-07 20:14:44 [WARN]: Validation errors: [
  {
    "type": "field",
    "value": "1212a",
    "msg": "Password must be at least 6 characters.",
    "path": "password",
    "location": "body"
  },
  {
    "type": "field",
    "value": "1212a",
    "msg": "Password must include uppercase, lowercase letters, and a number.",
    "path": "password",
    "location": "body"
  }
]
2024-11-07 20:14:44 [WARN]: Validation errors: [
  {
    "type": "field",
    "msg": "Password must be at least 6 characters.",
    "path": "password",
    "location": "body"
  },
  {
    "type": "field",
    "msg": "Password cannot be empty.",
    "path": "password",
    "location": "body"
  },
  {
    "type": "field",
    "value": "",
    "msg": "Password must include uppercase, lowercase letters, and a number.",
    "path": "password",
    "location": "body"
  }
]
2024-11-07 20:14:44 [WARN]: Validation errors: [
  {
    "type": "field",
    "msg": "Password must be at least 6 characters.",
    "path": "password",
    "location": "body"
  },
  {
    "type": "field",
    "msg": "Password cannot be empty.",
    "path": "password",
    "location": "body"
  },
  {
    "type": "field",
    "value": "",
    "msg": "Password must include uppercase, lowercase letters, and a number.",
    "path": "password",
    "location": "body"
  }
]
2024-11-07 20:15:39 [WARN]: Validation errors: [
  {
    "type": "field",
    "value": "1212a",
    "msg": "Password must be at least 6 characters.",
    "path": "password",
    "location": "body"
  },
  {
    "type": "field",
    "value": "1212a",
    "msg": "Password must include uppercase, lowercase letters, and a number.",
    "path": "password",
    "location": "body"
  }
]
2024-11-07 20:15:39 [WARN]: Validation errors: [
  {
    "type": "field",
    "msg": "Password must be at least 6 characters.",
    "path": "password",
    "location": "body"
  },
  {
    "type": "field",
    "msg": "Password cannot be empty.",
    "path": "password",
    "location": "body"
  },
  {
    "type": "field",
    "value": "",
    "msg": "Password must include uppercase, lowercase letters, and a number.",
    "path": "password",
    "location": "body"
  }
]
2024-11-07 20:15:39 [WARN]: Validation errors: [
  {
    "type": "field",
    "msg": "Password must be at least 6 characters.",
    "path": "password",
    "location": "body"
  },
  {
    "type": "field",
    "msg": "Password cannot be empty.",
    "path": "password",
    "location": "body"
  },
  {
    "type": "field",
    "value": "",
    "msg": "Password must include uppercase, lowercase letters, and a number.",
    "path": "password",
    "location": "body"
  }
]
2024-11-07 20:16:11 [WARN]: Validation errors: [
  {
    "type": "field",
    "value": "1212a",
    "msg": "Password must be at least 6 characters.",
    "path": "password",
    "location": "body"
  },
  {
    "type": "field",
    "value": "1212a",
    "msg": "Password must include uppercase, lowercase letters, and a number.",
    "path": "password",
    "location": "body"
  }
]
2024-11-07 20:16:11 [WARN]: Validation errors: [
  {
    "type": "field",
    "msg": "Password must be at least 6 characters.",
    "path": "password",
    "location": "body"
  },
  {
    "type": "field",
    "msg": "Password cannot be empty.",
    "path": "password",
    "location": "body"
  },
  {
    "type": "field",
    "value": "",
    "msg": "Password must include uppercase, lowercase letters, and a number.",
    "path": "password",
    "location": "body"
  }
]
2024-11-07 20:16:11 [WARN]: Validation errors: [
  {
    "type": "field",
    "msg": "Password must be at least 6 characters.",
    "path": "password",
    "location": "body"
  },
  {
    "type": "field",
    "msg": "Password cannot be empty.",
    "path": "password",
    "location": "body"
  },
  {
    "type": "field",
    "value": "",
    "msg": "Password must include uppercase, lowercase letters, and a number.",
    "path": "password",
    "location": "body"
  }
]
2024-11-07 20:17:09 [WARN]: Validation errors: [
  {
    "type": "field",
    "value": "1212a",
    "msg": "Password must be at least 6 characters.",
    "path": "password",
    "location": "body"
  },
  {
    "type": "field",
    "value": "1212a",
    "msg": "Password must include uppercase, lowercase letters, and a number.",
    "path": "password",
    "location": "body"
  }
]
2024-11-07 20:17:09 [WARN]: Validation errors: [
  {
    "type": "field",
    "msg": "Password must be at least 6 characters.",
    "path": "password",
    "location": "body"
  },
  {
    "type": "field",
    "msg": "Password cannot be empty.",
    "path": "password",
    "location": "body"
  },
  {
    "type": "field",
    "value": "",
    "msg": "Password must include uppercase, lowercase letters, and a number.",
    "path": "password",
    "location": "body"
  }
]
2024-11-07 20:17:09 [WARN]: Validation errors: [
  {
    "type": "field",
    "msg": "Password must be at least 6 characters.",
    "path": "password",
    "location": "body"
  },
  {
    "type": "field",
    "msg": "Password cannot be empty.",
    "path": "password",
    "location": "body"
  },
  {
    "type": "field",
    "value": "",
    "msg": "Password must include uppercase, lowercase letters, and a number.",
    "path": "password",
    "location": "body"
  }
]
2024-11-07 20:17:23 [WARN]: Validation errors: [
  {
    "type": "field",
    "value": "1212a",
    "msg": "Password must be at least 6 characters.",
    "path": "password",
    "location": "body"
  },
  {
    "type": "field",
    "value": "1212a",
    "msg": "Password must include uppercase, lowercase letters, and a number.",
    "path": "password",
    "location": "body"
  }
]
2024-11-07 20:17:23 [WARN]: Validation errors: [
  {
    "type": "field",
    "msg": "Password must be at least 6 characters.",
    "path": "password",
    "location": "body"
  },
  {
    "type": "field",
    "msg": "Password cannot be empty.",
    "path": "password",
    "location": "body"
  },
  {
    "type": "field",
    "value": "",
    "msg": "Password must include uppercase, lowercase letters, and a number.",
    "path": "password",
    "location": "body"
  }
]
2024-11-07 20:17:23 [WARN]: Email already in use: lucas.berardi@gm2dev.com
2024-11-07 20:18:11 [WARN]: Validation errors: [
  {
    "type": "field",
    "value": "1212a",
    "msg": "Password must be at least 6 characters.",
    "path": "password",
    "location": "body"
  },
  {
    "type": "field",
    "value": "1212a",
    "msg": "Password must include uppercase, lowercase letters, and a number.",
    "path": "password",
    "location": "body"
  }
]
2024-11-07 20:18:11 [WARN]: Validation errors: [
  {
    "type": "field",
    "msg": "Password must be at least 6 characters.",
    "path": "password",
    "location": "body"
  },
  {
    "type": "field",
    "msg": "Password cannot be empty.",
    "path": "password",
    "location": "body"
  },
  {
    "type": "field",
    "value": "",
    "msg": "Password must include uppercase, lowercase letters, and a number.",
    "path": "password",
    "location": "body"
  }
]
2024-11-07 20:18:11 [WARN]: Validation errors: [
  {
    "type": "field",
    "msg": "Password must be at least 6 characters.",
    "path": "password",
    "location": "body"
  },
  {
    "type": "field",
    "msg": "Password cannot be empty.",
    "path": "password",
    "location": "body"
  },
  {
    "type": "field",
    "value": "",
    "msg": "Password must include uppercase, lowercase letters, and a number.",
    "path": "password",
    "location": "body"
  }
]
2024-11-07 20:19:37 [WARN]: Validation errors: [
  {
    "type": "field",
    "value": "1212a",
    "msg": "Password must be at least 6 characters.",
    "path": "password",
    "location": "body"
  },
  {
    "type": "field",
    "value": "1212a",
    "msg": "Password must include uppercase, lowercase letters, and a number.",
    "path": "password",
    "location": "body"
  }
]
2024-11-07 20:19:37 [WARN]: Validation errors: [
  {
    "type": "field",
    "msg": "Password must be at least 6 characters.",
    "path": "password",
    "location": "body"
  },
  {
    "type": "field",
    "msg": "Password cannot be empty.",
    "path": "password",
    "location": "body"
  },
  {
    "type": "field",
    "value": "",
    "msg": "Password must include uppercase, lowercase letters, and a number.",
    "path": "password",
    "location": "body"
  }
]
2024-11-07 20:19:37 [WARN]: Validation errors: [
  {
    "type": "field",
    "msg": "Password must be at least 6 characters.",
    "path": "password",
    "location": "body"
  },
  {
    "type": "field",
    "msg": "Password cannot be empty.",
    "path": "password",
    "location": "body"
  },
  {
    "type": "field",
    "value": "",
    "msg": "Password must include uppercase, lowercase letters, and a number.",
    "path": "password",
    "location": "body"
  }
]
2024-11-07 20:21:58 [WARN]: Validation errors: [
  {
    "type": "field",
    "value": "1212a",
    "msg": "Password must be at least 6 characters.",
    "path": "password",
    "location": "body"
  },
  {
    "type": "field",
    "value": "1212a",
    "msg": "Password must include uppercase, lowercase letters, and a number.",
    "path": "password",
    "location": "body"
  }
]
2024-11-07 20:21:58 [WARN]: Validation errors: [
  {
    "type": "field",
    "msg": "Password must be at least 6 characters.",
    "path": "password",
    "location": "body"
  },
  {
    "type": "field",
    "msg": "Password cannot be empty.",
    "path": "password",
    "location": "body"
  },
  {
    "type": "field",
    "value": "",
    "msg": "Password must include uppercase, lowercase letters, and a number.",
    "path": "password",
    "location": "body"
  }
]
2024-11-07 20:21:58 [WARN]: Validation errors: [
  {
    "type": "field",
    "msg": "Password must be at least 6 characters.",
    "path": "password",
    "location": "body"
  },
  {
    "type": "field",
    "msg": "Password cannot be empty.",
    "path": "password",
    "location": "body"
  },
  {
    "type": "field",
    "value": "",
    "msg": "Password must include uppercase, lowercase letters, and a number.",
    "path": "password",
    "location": "body"
  }
]
2024-11-07 20:22:31 [WARN]: Validation errors: [
  {
    "type": "field",
    "value": "1212a",
    "msg": "Password must be at least 6 characters.",
    "path": "password",
    "location": "body"
  },
  {
    "type": "field",
    "value": "1212a",
    "msg": "Password must include uppercase, lowercase letters, and a number.",
    "path": "password",
    "location": "body"
  }
]
2024-11-07 20:22:32 [WARN]: Validation errors: [
  {
    "type": "field",
    "msg": "Password must be at least 6 characters.",
    "path": "password",
    "location": "body"
  },
  {
    "type": "field",
    "msg": "Password cannot be empty.",
    "path": "password",
    "location": "body"
  },
  {
    "type": "field",
    "value": "",
    "msg": "Password must include uppercase, lowercase letters, and a number.",
    "path": "password",
    "location": "body"
  }
]
2024-11-07 20:22:32 [WARN]: Validation errors: [
  {
    "type": "field",
    "msg": "Password must be at least 6 characters.",
    "path": "password",
    "location": "body"
  },
  {
    "type": "field",
    "msg": "Password cannot be empty.",
    "path": "password",
    "location": "body"
  },
  {
    "type": "field",
    "value": "",
    "msg": "Password must include uppercase, lowercase letters, and a number.",
    "path": "password",
    "location": "body"
  }
]
2024-11-07 20:24:40 [WARN]: Validation errors: [
  {
    "type": "field",
    "value": "1212a",
    "msg": "Password must be at least 6 characters.",
    "path": "password",
    "location": "body"
  },
  {
    "type": "field",
    "value": "1212a",
    "msg": "Password must include uppercase, lowercase letters, and a number.",
    "path": "password",
    "location": "body"
  }
]
2024-11-07 20:24:40 [WARN]: Validation errors: [
  {
    "type": "field",
    "msg": "Password must be at least 6 characters.",
    "path": "password",
    "location": "body"
  },
  {
    "type": "field",
    "msg": "Password cannot be empty.",
    "path": "password",
    "location": "body"
  },
  {
    "type": "field",
    "value": "",
    "msg": "Password must include uppercase, lowercase letters, and a number.",
    "path": "password",
    "location": "body"
  }
]
2024-11-07 20:24:40 [WARN]: Validation errors: [
  {
    "type": "field",
    "msg": "Password must be at least 6 characters.",
    "path": "password",
    "location": "body"
  },
  {
    "type": "field",
    "msg": "Password cannot be empty.",
    "path": "password",
    "location": "body"
  },
  {
    "type": "field",
    "value": "",
    "msg": "Password must include uppercase, lowercase letters, and a number.",
    "path": "password",
    "location": "body"
  }
]
2024-11-07 20:25:17 [WARN]: Validation errors: [
  {
    "type": "field",
    "value": "1212a",
    "msg": "Password must be at least 6 characters.",
    "path": "password",
    "location": "body"
  },
  {
    "type": "field",
    "value": "1212a",
    "msg": "Password must include uppercase, lowercase letters, and a number.",
    "path": "password",
    "location": "body"
  }
]
2024-11-07 20:25:17 [WARN]: Validation errors: [
  {
    "type": "field",
    "msg": "Password must be at least 6 characters.",
    "path": "password",
    "location": "body"
  },
  {
    "type": "field",
    "msg": "Password cannot be empty.",
    "path": "password",
    "location": "body"
  },
  {
    "type": "field",
    "value": "",
    "msg": "Password must include uppercase, lowercase letters, and a number.",
    "path": "password",
    "location": "body"
  }
]
2024-11-07 20:25:17 [WARN]: Validation errors: [
  {
    "type": "field",
    "msg": "Password must be at least 6 characters.",
    "path": "password",
    "location": "body"
  },
  {
    "type": "field",
    "msg": "Password cannot be empty.",
    "path": "password",
    "location": "body"
  },
  {
    "type": "field",
    "value": "",
    "msg": "Password must include uppercase, lowercase letters, and a number.",
    "path": "password",
    "location": "body"
  }
]
2024-11-07 20:27:04 [WARN]: Validation errors: [
  {
    "type": "field",
    "value": "1212a",
    "msg": "Password must be at least 6 characters.",
    "path": "password",
    "location": "body"
  },
  {
    "type": "field",
    "value": "1212a",
    "msg": "Password must include uppercase, lowercase letters, and a number.",
    "path": "password",
    "location": "body"
  }
]
2024-11-07 20:27:05 [WARN]: Validation errors: [
  {
    "type": "field",
    "msg": "Password must be at least 6 characters.",
    "path": "password",
    "location": "body"
  },
  {
    "type": "field",
    "msg": "Password cannot be empty.",
    "path": "password",
    "location": "body"
  },
  {
    "type": "field",
    "value": "",
    "msg": "Password must include uppercase, lowercase letters, and a number.",
    "path": "password",
    "location": "body"
  }
]
2024-11-07 20:27:21 [WARN]: Validation errors: [
  {
    "type": "field",
    "value": "1212a",
    "msg": "Password must be at least 6 characters.",
    "path": "password",
    "location": "body"
  },
  {
    "type": "field",
    "value": "1212a",
    "msg": "Password must include uppercase, lowercase letters, and a number.",
    "path": "password",
    "location": "body"
  }
]
2024-11-07 20:27:21 [WARN]: Validation errors: [
  {
    "type": "field",
    "msg": "Password must be at least 6 characters.",
    "path": "password",
    "location": "body"
  },
  {
    "type": "field",
    "msg": "Password cannot be empty.",
    "path": "password",
    "location": "body"
  },
  {
    "type": "field",
    "value": "",
    "msg": "Password must include uppercase, lowercase letters, and a number.",
    "path": "password",
    "location": "body"
  }
]
2024-11-07 20:27:21 [WARN]: Validation errors: [
  {
    "type": "field",
    "msg": "Password must be at least 6 characters.",
    "path": "password",
    "location": "body"
  },
  {
    "type": "field",
    "msg": "Password cannot be empty.",
    "path": "password",
    "location": "body"
  },
  {
    "type": "field",
    "value": "",
    "msg": "Password must include uppercase, lowercase letters, and a number.",
    "path": "password",
    "location": "body"
  }
]
2024-11-07 20:27:39 [WARN]: Validation errors: [
  {
    "type": "field",
    "value": "1212a",
    "msg": "Password must be at least 6 characters.",
    "path": "password",
    "location": "body"
  },
  {
    "type": "field",
    "value": "1212a",
    "msg": "Password must include uppercase, lowercase letters, and a number.",
    "path": "password",
    "location": "body"
  }
]
2024-11-07 20:27:39 [WARN]: Validation errors: [
  {
    "type": "field",
    "msg": "Password must be at least 6 characters.",
    "path": "password",
    "location": "body"
  },
  {
    "type": "field",
    "msg": "Password cannot be empty.",
    "path": "password",
    "location": "body"
  },
  {
    "type": "field",
    "value": "",
    "msg": "Password must include uppercase, lowercase letters, and a number.",
    "path": "password",
    "location": "body"
  }
]
2024-11-07 20:27:39 [WARN]: Validation errors: [
  {
    "type": "field",
    "msg": "Password must be at least 6 characters.",
    "path": "password",
    "location": "body"
  },
  {
    "type": "field",
    "msg": "Password cannot be empty.",
    "path": "password",
    "location": "body"
  },
  {
    "type": "field",
    "value": "",
    "msg": "Password must include uppercase, lowercase letters, and a number.",
    "path": "password",
    "location": "body"
  }
]
2024-11-07 20:28:28 [WARN]: Validation errors: [
  {
    "type": "field",
    "value": "1212a",
    "msg": "Password must be at least 6 characters.",
    "path": "password",
    "location": "body"
  },
  {
    "type": "field",
    "value": "1212a",
    "msg": "Password must include uppercase, lowercase letters, and a number.",
    "path": "password",
    "location": "body"
  }
]
2024-11-07 20:28:28 [WARN]: Validation errors: [
  {
    "type": "field",
    "msg": "Password must be at least 6 characters.",
    "path": "password",
    "location": "body"
  },
  {
    "type": "field",
    "msg": "Password cannot be empty.",
    "path": "password",
    "location": "body"
  },
  {
    "type": "field",
    "value": "",
    "msg": "Password must include uppercase, lowercase letters, and a number.",
    "path": "password",
    "location": "body"
  }
]
2024-11-07 20:28:28 [WARN]: Validation errors: [
  {
    "type": "field",
    "msg": "Password must be at least 6 characters.",
    "path": "password",
    "location": "body"
  },
  {
    "type": "field",
    "msg": "Password cannot be empty.",
    "path": "password",
    "location": "body"
  },
  {
    "type": "field",
    "value": "",
    "msg": "Password must include uppercase, lowercase letters, and a number.",
    "path": "password",
    "location": "body"
  }
]
2024-11-07 20:37:21 [WARN]: Validation errors: [
  {
    "type": "field",
    "value": "1212a",
    "msg": "Password must be at least 6 characters.",
    "path": "password",
    "location": "body"
  },
  {
    "type": "field",
    "value": "1212a",
    "msg": "Password must include uppercase, lowercase letters, and a number.",
    "path": "password",
    "location": "body"
  }
]
2024-11-07 20:37:21 [WARN]: Validation errors: [
  {
    "type": "field",
    "msg": "Password must be at least 6 characters.",
    "path": "password",
    "location": "body"
  },
  {
    "type": "field",
    "msg": "Password cannot be empty.",
    "path": "password",
    "location": "body"
  },
  {
    "type": "field",
    "value": "",
    "msg": "Password must include uppercase, lowercase letters, and a number.",
    "path": "password",
    "location": "body"
  }
]
2024-11-07 20:37:21 [WARN]: Validation errors: [
  {
    "type": "field",
    "msg": "Password must be at least 6 characters.",
    "path": "password",
    "location": "body"
  },
  {
    "type": "field",
    "msg": "Password cannot be empty.",
    "path": "password",
    "location": "body"
  },
  {
    "type": "field",
    "value": "",
    "msg": "Password must include uppercase, lowercase letters, and a number.",
    "path": "password",
    "location": "body"
  }
]
2024-11-07 20:42:21 [WARN]: Validation errors: [
  {
    "type": "field",
    "value": "1212a",
    "msg": "Password must be at least 6 characters.",
    "path": "password",
    "location": "body"
  },
  {
    "type": "field",
    "value": "1212a",
    "msg": "Password must include uppercase, lowercase letters, and a number.",
    "path": "password",
    "location": "body"
  }
]
2024-11-07 20:42:21 [WARN]: Validation errors: [
  {
    "type": "field",
    "msg": "Password must be at least 6 characters.",
    "path": "password",
    "location": "body"
  },
  {
    "type": "field",
    "msg": "Password cannot be empty.",
    "path": "password",
    "location": "body"
  },
  {
    "type": "field",
    "value": "",
    "msg": "Password must include uppercase, lowercase letters, and a number.",
    "path": "password",
    "location": "body"
  }
]
2024-11-07 20:42:21 [WARN]: Validation errors: [
  {
    "type": "field",
    "msg": "Password must be at least 6 characters.",
    "path": "password",
    "location": "body"
  },
  {
    "type": "field",
    "msg": "Password cannot be empty.",
    "path": "password",
    "location": "body"
  },
  {
    "type": "field",
    "value": "",
    "msg": "Password must include uppercase, lowercase letters, and a number.",
    "path": "password",
    "location": "body"
  }
]
2024-11-07 20:43:57 [WARN]: Validation errors: [
  {
    "type": "field",
    "value": "1212a",
    "msg": "Password must be at least 6 characters.",
    "path": "password",
    "location": "body"
  },
  {
    "type": "field",
    "value": "1212a",
    "msg": "Password must include uppercase, lowercase letters, and a number.",
    "path": "password",
    "location": "body"
  }
]
2024-11-07 20:43:57 [WARN]: Validation errors: [
  {
    "type": "field",
    "msg": "Password must be at least 6 characters.",
    "path": "password",
    "location": "body"
  },
  {
    "type": "field",
    "msg": "Password cannot be empty.",
    "path": "password",
    "location": "body"
  },
  {
    "type": "field",
    "value": "",
    "msg": "Password must include uppercase, lowercase letters, and a number.",
    "path": "password",
    "location": "body"
  }
]
2024-11-07 20:43:57 [WARN]: Validation errors: [
  {
    "type": "field",
    "msg": "Password must be at least 6 characters.",
    "path": "password",
    "location": "body"
  },
  {
    "type": "field",
    "msg": "Password cannot be empty.",
    "path": "password",
    "location": "body"
  },
  {
    "type": "field",
    "value": "",
    "msg": "Password must include uppercase, lowercase letters, and a number.",
    "path": "password",
    "location": "body"
  }
]
2024-11-07 20:46:17 [WARN]: Validation errors: [
  {
    "type": "field",
    "value": "1212a",
    "msg": "Password must be at least 6 characters.",
    "path": "password",
    "location": "body"
  },
  {
    "type": "field",
    "value": "1212a",
    "msg": "Password must include uppercase, lowercase letters, and a number.",
    "path": "password",
    "location": "body"
  }
]
2024-11-07 20:46:18 [WARN]: Invalid credentials for user email: usuario@prueba.com
2024-11-07 20:46:18 [WARN]: Validation errors: [
  {
    "type": "field",
    "msg": "Password must be at least 6 characters.",
    "path": "password",
    "location": "body"
  },
  {
    "type": "field",
    "msg": "Password cannot be empty.",
    "path": "password",
    "location": "body"
  },
  {
    "type": "field",
    "value": "",
    "msg": "Password must include uppercase, lowercase letters, and a number.",
    "path": "password",
    "location": "body"
  }
]
2024-11-07 20:46:18 [WARN]: Validation errors: [
  {
    "type": "field",
    "msg": "Password must be at least 6 characters.",
    "path": "password",
    "location": "body"
  },
  {
    "type": "field",
    "msg": "Password cannot be empty.",
    "path": "password",
    "location": "body"
  },
  {
    "type": "field",
    "value": "",
    "msg": "Password must include uppercase, lowercase letters, and a number.",
    "path": "password",
    "location": "body"
  }
]
2024-11-07 20:47:15 [WARN]: Validation errors: [
  {
    "type": "field",
    "value": "1212a",
    "msg": "Password must be at least 6 characters.",
    "path": "password",
    "location": "body"
  },
  {
    "type": "field",
    "value": "1212a",
    "msg": "Password must include uppercase, lowercase letters, and a number.",
    "path": "password",
    "location": "body"
  }
]
2024-11-07 20:47:15 [WARN]: Invalid credentials for user email: usuario@prueba.com
2024-11-07 20:47:15 [WARN]: Validation errors: [
  {
    "type": "field",
    "msg": "Password must be at least 6 characters.",
    "path": "password",
    "location": "body"
  },
  {
    "type": "field",
    "msg": "Password cannot be empty.",
    "path": "password",
    "location": "body"
  },
  {
    "type": "field",
    "value": "",
    "msg": "Password must include uppercase, lowercase letters, and a number.",
    "path": "password",
    "location": "body"
  }
]
2024-11-07 20:47:15 [WARN]: Validation errors: [
  {
    "type": "field",
    "msg": "Password must be at least 6 characters.",
    "path": "password",
    "location": "body"
  },
  {
    "type": "field",
    "msg": "Password cannot be empty.",
    "path": "password",
    "location": "body"
  },
  {
    "type": "field",
    "value": "",
    "msg": "Password must include uppercase, lowercase letters, and a number.",
    "path": "password",
    "location": "body"
  }
]
2024-11-07 20:52:06 [WARN]: Validation errors: [
  {
    "type": "field",
    "value": "1212a",
    "msg": "Password must be at least 6 characters.",
    "path": "password",
    "location": "body"
  },
  {
    "type": "field",
    "value": "1212a",
    "msg": "Password must include uppercase, lowercase letters, and a number.",
    "path": "password",
    "location": "body"
  }
]
2024-11-07 20:52:06 [WARN]: Validation errors: [
  {
    "type": "field",
    "msg": "Password must be at least 6 characters.",
    "path": "password",
    "location": "body"
  },
  {
    "type": "field",
    "msg": "Password cannot be empty.",
    "path": "password",
    "location": "body"
  },
  {
    "type": "field",
    "value": "",
    "msg": "Password must include uppercase, lowercase letters, and a number.",
    "path": "password",
    "location": "body"
  }
]
2024-11-07 20:52:06 [WARN]: Validation errors: [
  {
    "type": "field",
    "msg": "Password must be at least 6 characters.",
    "path": "password",
    "location": "body"
  },
  {
    "type": "field",
    "msg": "Password cannot be empty.",
    "path": "password",
    "location": "body"
  },
  {
    "type": "field",
    "value": "",
    "msg": "Password must include uppercase, lowercase letters, and a number.",
    "path": "password",
    "location": "body"
  }
]
2024-11-07 20:56:08 [WARN]: Validation errors: [
  {
    "type": "field",
    "value": "1212a",
    "msg": "Password must be at least 6 characters.",
    "path": "password",
    "location": "body"
  },
  {
    "type": "field",
    "value": "1212a",
    "msg": "Password must include uppercase, lowercase letters, and a number.",
    "path": "password",
    "location": "body"
  }
]
2024-11-07 20:56:08 [WARN]: Validation errors: [
  {
    "type": "field",
    "msg": "Password must be at least 6 characters.",
    "path": "password",
    "location": "body"
  },
  {
    "type": "field",
    "msg": "Password cannot be empty.",
    "path": "password",
    "location": "body"
  },
  {
    "type": "field",
    "value": "",
    "msg": "Password must include uppercase, lowercase letters, and a number.",
    "path": "password",
    "location": "body"
  }
]
2024-11-07 20:56:08 [WARN]: Validation errors: [
  {
    "type": "field",
    "msg": "Password must be at least 6 characters.",
    "path": "password",
    "location": "body"
  },
  {
    "type": "field",
    "msg": "Password cannot be empty.",
    "path": "password",
    "location": "body"
  },
  {
    "type": "field",
    "value": "",
    "msg": "Password must include uppercase, lowercase letters, and a number.",
    "path": "password",
    "location": "body"
  }
]
2024-11-07 20:56:49 [WARN]: Validation errors: [
  {
    "type": "field",
    "value": "1212a",
    "msg": "Password must be at least 6 characters.",
    "path": "password",
    "location": "body"
  },
  {
    "type": "field",
    "value": "1212a",
    "msg": "Password must include uppercase, lowercase letters, and a number.",
    "path": "password",
    "location": "body"
  }
]
2024-11-07 20:56:49 [WARN]: Validation errors: [
  {
    "type": "field",
    "msg": "Password must be at least 6 characters.",
    "path": "password",
    "location": "body"
  },
  {
    "type": "field",
    "msg": "Password cannot be empty.",
    "path": "password",
    "location": "body"
  },
  {
    "type": "field",
    "value": "",
    "msg": "Password must include uppercase, lowercase letters, and a number.",
    "path": "password",
    "location": "body"
  }
]
2024-11-07 20:56:49 [WARN]: Validation errors: [
  {
    "type": "field",
    "msg": "Password must be at least 6 characters.",
    "path": "password",
    "location": "body"
  },
  {
    "type": "field",
    "msg": "Password cannot be empty.",
    "path": "password",
    "location": "body"
  },
  {
    "type": "field",
    "value": "",
    "msg": "Password must include uppercase, lowercase letters, and a number.",
    "path": "password",
    "location": "body"
  }
]
2024-11-07 20:57:25 [WARN]: Validation errors: [
  {
    "type": "field",
    "value": "1212a",
    "msg": "Password must be at least 6 characters.",
    "path": "password",
    "location": "body"
  },
  {
    "type": "field",
    "value": "1212a",
    "msg": "Password must include uppercase, lowercase letters, and a number.",
    "path": "password",
    "location": "body"
  }
]
2024-11-07 20:57:25 [WARN]: Validation errors: [
  {
    "type": "field",
    "msg": "Password must be at least 6 characters.",
    "path": "password",
    "location": "body"
  },
  {
    "type": "field",
    "msg": "Password cannot be empty.",
    "path": "password",
    "location": "body"
  },
  {
    "type": "field",
    "value": "",
    "msg": "Password must include uppercase, lowercase letters, and a number.",
    "path": "password",
    "location": "body"
  }
]
2024-11-07 20:57:25 [WARN]: Validation errors: [
  {
    "type": "field",
    "msg": "Password must be at least 6 characters.",
    "path": "password",
    "location": "body"
  },
  {
    "type": "field",
    "msg": "Password cannot be empty.",
    "path": "password",
    "location": "body"
  },
  {
    "type": "field",
    "value": "",
    "msg": "Password must include uppercase, lowercase letters, and a number.",
    "path": "password",
    "location": "body"
  }
]
2024-11-07 20:58:26 [WARN]: Validation errors: [
  {
    "type": "field",
    "value": "1212a",
    "msg": "Password must be at least 6 characters.",
    "path": "password",
    "location": "body"
  },
  {
    "type": "field",
    "value": "1212a",
    "msg": "Password must include uppercase, lowercase letters, and a number.",
    "path": "password",
    "location": "body"
  }
]
2024-11-07 20:58:26 [WARN]: Email already in use: lucas.berardi@gm2dev.com
2024-11-07 20:58:53 [WARN]: Validation errors: [
  {
    "type": "field",
    "value": "1212a",
    "msg": "Password must be at least 6 characters.",
    "path": "password",
    "location": "body"
  },
  {
    "type": "field",
    "value": "1212a",
    "msg": "Password must include uppercase, lowercase letters, and a number.",
    "path": "password",
    "location": "body"
  }
]
2024-11-07 20:58:54 [WARN]: Email already in use: lucas.berardi@gm2dev.com
2024-11-07 21:06:25 [WARN]: Validation errors: [
  {
    "type": "field",
    "value": "1212a",
    "msg": "Password must be at least 6 characters.",
    "path": "password",
    "location": "body"
  },
  {
    "type": "field",
    "value": "1212a",
    "msg": "Password must include uppercase, lowercase letters, and a number.",
    "path": "password",
    "location": "body"
  }
]
2024-11-07 21:06:25 [WARN]: Email already in use: lucas.berardi@gm2dev.com
2024-11-07 21:06:25 [WARN]: Access denied for user ID: 5
2024-11-07 21:06:25 [WARN]: User 7 attempted to delete user 5
2024-11-07 21:11:36 [WARN]: Validation errors: [
  {
    "type": "field",
    "value": "1212a",
    "msg": "Password must be at least 6 characters.",
    "path": "password",
    "location": "body"
  },
  {
    "type": "field",
    "value": "1212a",
    "msg": "Password must include uppercase, lowercase letters, and a number.",
    "path": "password",
    "location": "body"
  }
]
2024-11-07 21:11:36 [WARN]: Email already in use: lucascirlloberardi@gm2dev.com
2024-11-07 21:11:36 [WARN]: Access denied for user ID: 5
2024-11-07 21:11:36 [WARN]: User 7 attempted to delete user 5
2024-11-07 21:14:22 [WARN]: Validation errors: [
  {
    "type": "field",
    "value": "1212a",
    "msg": "Password must be at least 6 characters.",
    "path": "password",
    "location": "body"
  },
  {
    "type": "field",
    "value": "1212a",
    "msg": "Password must include uppercase, lowercase letters, and a number.",
    "path": "password",
    "location": "body"
  }
]
2024-11-07 21:14:23 [WARN]: Access denied for user ID: 5
2024-11-07 21:14:23 [WARN]: Email already in use: lucas.berardi@gm2dev.com
2024-11-07 21:14:23 [WARN]: User 7 attempted to delete user 5
2024-11-07 21:27:58 [WARN]: User not found during login attempt: aaaaass@example.com
2024-11-07 21:28:16 [WARN]: Email already in use: aaaaass@example.com
2024-11-07 21:41:13 [ERROR]: ReferenceError: logger is not defined
    at checkEmailExistence (file:///home/lucas/Documents/usersDatabase/middlewares/existUserMiddleware.js:15:5)
    at async file:///home/lucas/Documents/usersDatabase/routes/users.js:68:9
2024-11-07 21:44:38 [WARN]: Email already in use: ass@example.com
2024-11-07 21:44:50 [ERROR]: Error during login attempt
2024-11-07 21:44:50 [ERROR]:  Error: data and hash arguments required - Url: /users/login - Method: POST - IP: ::1
2024-11-07 21:47:00 [ERROR]: Error during login attempt
2024-11-07 21:47:00 [ERROR]:  Error: data and hash arguments required - Url: /users/login - Method: POST - IP: ::1
2024-11-07 21:47:31 [ERROR]: Error during login attempt
2024-11-07 21:47:31 [ERROR]:  Error: undefined - Url: /users/login - Method: POST - IP: ::1
2024-11-07 21:48:16 [ERROR]: Error during login attempt
2024-11-07 21:48:16 [ERROR]:  Error: data and hash arguments required - Url: /users/login - Method: POST - IP: ::1
2024-11-07 21:52:35 [ERROR]: Error during login attempt
2024-11-07 21:52:35 [ERROR]:  Error: data and hash arguments required - Url: /users/login - Method: POST - IP: ::1
2024-11-07 21:53:44 [ERROR]: Error during login attempt
2024-11-07 21:53:44 [ERROR]:  Error: data and hash arguments required - Url: /users/login - Method: POST - IP: ::1
2024-11-07 21:55:07 [ERROR]: Error during login attempt
2024-11-07 21:55:07 [ERROR]:  Error: data and hash arguments required - Url: /users/login - Method: POST - IP: ::1
2024-11-07 21:55:22 [ERROR]: Error during login attempt
2024-11-07 21:55:22 [ERROR]:  Error: data and hash arguments required - Url: /users/login - Method: POST - IP: ::1
